{"/Users/sat/FullStackCourse/explotionExpress/src/api/controllers/gamesController.ts": {"path":"/Users/sat/FullStackCourse/explotionExpress/src/api/controllers/gamesController.ts","statementMap":{"0":{"start":{"line":2,"column":4},"end":{"line":2,"column":49}},"1":{"start":{"line":1,"column":0},"end":{"line":1,"column":16}}},"fnMap":{"0":{"name":"dice","decl":{"start":{"line":1,"column":16},"end":{"line":1,"column":20}},"loc":{"start":{"line":1,"column":34},"end":{"line":3,"column":1}}}},"branchMap":{},"s":{"0":1,"1":1},"f":{"0":1},"b":{}}
,"/Users/sat/FullStackCourse/explotionExpress/src/api/controllers/moviesController.ts": {"path":"/Users/sat/FullStackCourse/explotionExpress/src/api/controllers/moviesController.ts","statementMap":{"0":{"start":{"line":1,"column":0},"end":{"line":1,"column":58}},"1":{"start":{"line":11,"column":8},"end":{"line":11,"column":42}},"2":{"start":{"line":12,"column":8},"end":{"line":12,"column":25}},"3":{"start":{"line":16,"column":8},"end":{"line":21,"column":10}},"4":{"start":{"line":25,"column":8},"end":{"line":25,"column":44}},"5":{"start":{"line":4,"column":0},"end":{"line":4,"column":13}}},"fnMap":{"0":{"name":"(anonymous_6)","decl":{"start":{"line":10,"column":11},"end":{"line":10,"column":23}},"loc":{"start":{"line":10,"column":23},"end":{"line":13,"column":5}}},"1":{"name":"(anonymous_7)","decl":{"start":{"line":15,"column":12},"end":{"line":15,"column":18}},"loc":{"start":{"line":15,"column":39},"end":{"line":22,"column":5}}},"2":{"name":"(anonymous_8)","decl":{"start":{"line":24,"column":17},"end":{"line":24,"column":27}},"loc":{"start":{"line":24,"column":27},"end":{"line":26,"column":null}}}},"branchMap":{},"s":{"0":1,"1":1,"2":1,"3":0,"4":1,"5":1},"f":{"0":1,"1":0,"2":1},"b":{}}
,"/Users/sat/FullStackCourse/explotionExpress/src/api/databases/mongodb/initMongo.ts": {"path":"/Users/sat/FullStackCourse/explotionExpress/src/api/databases/mongodb/initMongo.ts","statementMap":{"0":{"start":{"line":1,"column":0},"end":{"line":1,"column":87}},"1":{"start":{"line":8,"column":8},"end":{"line":8,"column":54}},"2":{"start":{"line":9,"column":8},"end":{"line":12,"column":10}},"3":{"start":{"line":13,"column":8},"end":{"line":13,"column":37}},"4":{"start":{"line":3,"column":0},"end":{"line":3,"column":13}}},"fnMap":{"0":{"name":"(anonymous_0)","decl":{"start":{"line":7,"column":4},"end":{"line":7,"column":23}},"loc":{"start":{"line":7,"column":54},"end":{"line":14,"column":5}}}},"branchMap":{},"s":{"0":2,"1":2,"2":2,"3":2,"4":2},"f":{"0":2},"b":{}}
,"/Users/sat/FullStackCourse/explotionExpress/src/api/databases/mongodb/moviesModel.ts": {"path":"/Users/sat/FullStackCourse/explotionExpress/src/api/databases/mongodb/moviesModel.ts","statementMap":{"0":{"start":{"line":1,"column":0},"end":{"line":1,"column":58}},"1":{"start":{"line":7,"column":13},"end":{"line":12,"column":3}},"2":{"start":{"line":14,"column":0},"end":{"line":16,"column":2}},"3":{"start":{"line":15,"column":4},"end":{"line":15,"column":44}},"4":{"start":{"line":18,"column":13},"end":{"line":18,"column":81}}},"fnMap":{"0":{"name":"(anonymous_0)","decl":{"start":{"line":14,"column":38},"end":{"line":14,"column":null}},"loc":{"start":{"line":14,"column":38},"end":{"line":16,"column":1}}}},"branchMap":{},"s":{"0":2,"1":2,"2":2,"3":0,"4":2},"f":{"0":0},"b":{}}
,"/Users/sat/FullStackCourse/explotionExpress/src/api/repo/movieRepository.ts": {"path":"/Users/sat/FullStackCourse/explotionExpress/src/api/repo/movieRepository.ts","statementMap":{"0":{"start":{"line":1,"column":0},"end":{"line":1,"column":57}},"1":{"start":{"line":2,"column":0},"end":{"line":2,"column":61}},"2":{"start":{"line":9,"column":12},"end":{"line":9,"column":26}},"3":{"start":{"line":12,"column":8},"end":{"line":12,"column":58}},"4":{"start":{"line":13,"column":8},"end":{"line":13,"column":90}},"5":{"start":{"line":14,"column":8},"end":{"line":16,"column":11}},"6":{"start":{"line":15,"column":12},"end":{"line":15,"column":44}},"7":{"start":{"line":19,"column":8},"end":{"line":19,"column":41}},"8":{"start":{"line":23,"column":8},"end":{"line":23,"column":39}},"9":{"start":{"line":5,"column":0},"end":{"line":5,"column":13}}},"fnMap":{"0":{"name":"(anonymous_6)","decl":{"start":{"line":11,"column":4},"end":{"line":11,"column":null}},"loc":{"start":{"line":11,"column":4},"end":{"line":17,"column":5}}},"1":{"name":"(anonymous_7)","decl":{"start":{"line":14,"column":41},"end":{"line":14,"column":null}},"loc":{"start":{"line":14,"column":41},"end":{"line":16,"column":9}}},"2":{"name":"(anonymous_8)","decl":{"start":{"line":18,"column":17},"end":{"line":18,"column":30}},"loc":{"start":{"line":18,"column":30},"end":{"line":20,"column":null}}},"3":{"name":"(anonymous_10)","decl":{"start":{"line":22,"column":17},"end":{"line":22,"column":27}},"loc":{"start":{"line":22,"column":27},"end":{"line":24,"column":null}}}},"branchMap":{},"s":{"0":2,"1":2,"2":2,"3":2,"4":2,"5":2,"6":2,"7":2,"8":2,"9":2},"f":{"0":2,"1":2,"2":2,"3":2},"b":{}}
}
