TN:
SF:/Users/sat/FullStackCourse/explotionExpress/src/api/controllers/gamesController.ts
FN:1,dice
FNF:1
FNH:1
FNDA:1,dice
DA:1,1
DA:2,1
LF:2
LH:2
BRF:0
BRH:0
end_of_record
TN:
SF:/Users/sat/FullStackCourse/explotionExpress/src/api/controllers/moviesController.ts
FN:10,(anonymous_6)
FN:15,(anonymous_7)
FN:24,(anonymous_8)
FNF:3
FNH:2
FNDA:1,(anonymous_6)
FNDA:0,(anonymous_7)
FNDA:1,(anonymous_8)
DA:1,1
DA:4,1
DA:11,1
DA:12,1
DA:16,0
DA:25,1
LF:6
LH:5
BRF:0
BRH:0
end_of_record
TN:
SF:/Users/sat/FullStackCourse/explotionExpress/src/api/databases/mongodb/initMongo.ts
FN:7,(anonymous_0)
FNF:1
FNH:1
FNDA:2,(anonymous_0)
DA:1,2
DA:3,2
DA:8,2
DA:9,2
DA:13,2
LF:5
LH:5
BRF:0
BRH:0
end_of_record
TN:
SF:/Users/sat/FullStackCourse/explotionExpress/src/api/databases/mongodb/moviesModel.ts
FN:14,(anonymous_0)
FNF:1
FNH:0
FNDA:0,(anonymous_0)
DA:1,2
DA:7,2
DA:14,2
DA:15,0
DA:18,2
LF:5
LH:4
BRF:0
BRH:0
end_of_record
TN:
SF:/Users/sat/FullStackCourse/explotionExpress/src/api/repo/movieRepository.ts
FN:11,(anonymous_6)
FN:14,(anonymous_7)
FN:18,(anonymous_8)
FN:22,(anonymous_10)
FNF:4
FNH:4
FNDA:2,(anonymous_6)
FNDA:2,(anonymous_7)
FNDA:2,(anonymous_8)
FNDA:2,(anonymous_10)
DA:1,2
DA:2,2
DA:5,2
DA:9,2
DA:12,2
DA:13,2
DA:14,2
DA:15,2
DA:19,2
DA:23,2
LF:10
LH:10
BRF:0
BRH:0
end_of_record
